<?xml version="1.0" encoding="UTF-8"?>
<!-- Generated by org.testng.reporters.JUnitXMLReporter -->
<testsuite ignored="0" hostname="LAPTOP-GB395NJQ" failures="3" tests="6" name="Login App Test" time="27.462" errors="0" timestamp="2021-05-14T02:50:58 IST">
  <testcase classname="com.inetBanking.testCases.TC_LoginTest_001" name="loginDDT" time="4.739"/>
  <testcase classname="com.inetBanking.testCases.TC_LoginTest_001" name="loginDDT" time="2.902">
    <failure type="java.lang.AssertionError" message="expected [true] but found [false]">
      <![CDATA[java.lang.AssertionError: expected [true] but found [false]
at com.inetBanking.testCases.TC_LoginTest_001.loginDDT(TC_LoginTest_001.java:56)
at java.base/java.util.ArrayList.forEach(ArrayList.java:1511)
... Removed 31 stack frames]]>
    </failure>
  </testcase> <!-- loginDDT -->
  <testcase classname="com.inetBanking.testCases.TC_LoginTest_001" name="loginDDT" time="2.389">
    <failure type="java.lang.AssertionError" message="expected [true] but found [false]">
      <![CDATA[java.lang.AssertionError: expected [true] but found [false]
at com.inetBanking.testCases.TC_LoginTest_001.loginDDT(TC_LoginTest_001.java:56)
at java.base/java.util.ArrayList.forEach(ArrayList.java:1511)
... Removed 31 stack frames]]>
    </failure>
  </testcase> <!-- loginDDT -->
  <testcase classname="com.inetBanking.testCases.TC_LoginTest_001" name="loginDDT" time="3.604"/>
  <testcase classname="com.inetBanking.testCases.TC_LoginTest_001" name="loginDDT" time="2.315">
    <failure type="java.lang.AssertionError" message="expected [true] but found [false]">
      <![CDATA[java.lang.AssertionError: expected [true] but found [false]
at com.inetBanking.testCases.TC_LoginTest_001.loginDDT(TC_LoginTest_001.java:56)
at java.base/java.util.ArrayList.forEach(ArrayList.java:1511)
... Removed 31 stack frames]]>
    </failure>
  </testcase> <!-- loginDDT -->
  <testcase classname="com.inetBanking.testCases.TC_LoginTest_001" name="loginTest" time="3.66"/>
</testsuite> <!-- Login App Test -->
